<?xml version="1.0" encoding="UTF-8"?>
<!-- Generated by org.testng.reporters.JUnitReportReporter -->
<testsuite skipped="0" hostname="LAPTOP-COQHVDGR" name="com.jbk.test.RegisterTest" tests="1" failures="0" timestamp="21 May 2021 06:32:51 GMT" time="0.011" errors="0">
  <testcase name="verifyUrl" time="0.011" classname="com.jbk.test.RegisterTest"/>
</testsuite> <!-- com.jbk.test.RegisterTest -->
