<?xml version="1.0" encoding="UTF-8"?>
<!-- Generated by org.testng.reporters.JUnitReportReporter -->
<testsuite skipped="0" hostname="LAPTOP-COQHVDGR" name="com.jbk.test.UsefulLinksTest" tests="3" failures="0" timestamp="20 May 2021 01:28:20 GMT" time="40.664" errors="0">
  <testcase name="verifyClickGO" time="19.844" classname="com.jbk.test.UsefulLinksTest"/>
  <testcase name="verifyClickGoExcel" time="20.280" classname="com.jbk.test.UsefulLinksTest"/>
  <testcase name="verifyComplete_UsefulLinksTable" time="0.540" classname="com.jbk.test.UsefulLinksTest"/>
</testsuite> <!-- com.jbk.test.UsefulLinksTest -->
