<?xml version="1.0" encoding="UTF-8"?>
<!-- Generated by org.testng.reporters.JUnitReportReporter -->
<testsuite skipped="0" hostname="LAPTOP-COQHVDGR" name="com.jbk.test.DownloadsTest" tests="1" failures="0" timestamp="20 May 2021 06:36:43 GMT" time="0.497" errors="0">
  <testcase name="verifyOperatingSystem_32bit" time="0.497" classname="com.jbk.test.DownloadsTest"/>
</testsuite> <!-- com.jbk.test.DownloadsTest -->
