<?xml version="1.0" encoding="UTF-8"?>
<!-- Generated by org.testng.reporters.JUnitReportReporter -->
<testsuite skipped="0" hostname="LAPTOP-COQHVDGR" name="com.jbk.test.AddUserTest" tests="1" failures="0" timestamp="20 May 2021 14:04:33 GMT" time="0.305" errors="0">
  <testcase name="verifyPrintingDragDownOptions" time="0.305" classname="com.jbk.test.AddUserTest"/>
</testsuite> <!-- com.jbk.test.AddUserTest -->
