<?xml version="1.0" encoding="UTF-8"?>
<!-- Generated by org.testng.reporters.JUnitReportReporter -->
<testsuite skipped="0" hostname="LAPTOP-COQHVDGR" name="com.jbk.test.LoginTest" tests="1" failures="0" timestamp="21 May 2021 01:08:02 GMT" time="0.025" errors="0">
  <testcase name="verifyTitle" time="0.025" classname="com.jbk.test.LoginTest"/>
</testsuite> <!-- com.jbk.test.LoginTest -->
