<?xml version="1.0" encoding="UTF-8"?>
<!-- Generated by org.testng.reporters.JUnitReportReporter -->
<testsuite skipped="0" hostname="LAPTOP-COQHVDGR" name="com.jbk.test.UsersTest" tests="1" failures="0" timestamp="14 May 2021 13:40:29 GMT" time="0.228" errors="0">
  <testcase name="verifyHeadingsAl" time="0.228" classname="com.jbk.test.UsersTest"/>
</testsuite> <!-- com.jbk.test.UsersTest -->
