<?xml version="1.0" encoding="UTF-8"?>
<!-- Generated by org.testng.reporters.JUnitReportReporter -->
<testsuite skipped="0" hostname="LAPTOP-COQHVDGR" name="com.jbk.test.UsefulLinksTest" tests="2" failures="0" timestamp="14 May 2021 13:40:29 GMT" time="64.254" errors="0">
  <testcase name="verifyClickGO" time="31.662" classname="com.jbk.test.UsefulLinksTest"/>
  <testcase name="verifyClickGoExcel" time="32.592" classname="com.jbk.test.UsefulLinksTest"/>
</testsuite> <!-- com.jbk.test.UsefulLinksTest -->
