<?xml version="1.0" encoding="UTF-8"?>
<!-- Generated by org.testng.reporters.JUnitReportReporter -->
<testsuite skipped="0" hostname="LAPTOP-COQHVDGR" name="com.jbk.test.DashboardTest" tests="1" failures="0" timestamp="22 May 2021 18:28:42 GMT" time="4.938" errors="0">
  <testcase name="verifyMoreInfoNewWindow" time="4.938" classname="com.jbk.test.DashboardTest"/>
</testsuite> <!-- com.jbk.test.DashboardTest -->
