<?xml version="1.0" encoding="UTF-8"?>
<!-- Generated by org.testng.reporters.JUnitReportReporter -->
<testsuite skipped="0" hostname="LAPTOP-COQHVDGR" name="com.jbk.test.UsersTest" tests="1" failures="0" timestamp="20 May 2021 00:35:28 GMT" time="0.344" errors="0">
  <testcase name="verifyMobNoLength" time="0.344" classname="com.jbk.test.UsersTest"/>
</testsuite> <!-- com.jbk.test.UsersTest -->
