<?xml version="1.0" encoding="UTF-8"?>
<!-- Generated by org.testng.reporters.JUnitReportReporter -->
<testsuite skipped="0" hostname="LAPTOP-COQHVDGR" name="com.jbk.test.LoginTest" tests="15" failures="0" timestamp="27 May 2021 06:04:48 GMT" time="7.069" errors="0">
  <testcase name="verifyUrl" time="0.049" classname="com.jbk.test.LoginTest"/>
  <testcase name="verifyTitle" time="0.026" classname="com.jbk.test.LoginTest"/>
  <testcase name="verifyLogo" time="0.112" classname="com.jbk.test.LoginTest"/>
  <testcase name="verifyMainHeading" time="0.063" classname="com.jbk.test.LoginTest"/>
  <testcase name="verifySubHeading" time="0.055" classname="com.jbk.test.LoginTest"/>
  <testcase name="verifySignInBoxHeading" time="0.080" classname="com.jbk.test.LoginTest"/>
  <testcase name="verifyPlaceholders" time="0.095" classname="com.jbk.test.LoginTest"/>
  <testcase name="verifyValidLogIn" time="2.023" classname="com.jbk.test.LoginTest"/>
  <testcase name="verifyLogoutSuccessfullyMessage" time="0.082" classname="com.jbk.test.LoginTest"/>
  <testcase name="verifyInvalidLogIn" time="0.327" classname="com.jbk.test.LoginTest"/>
  <testcase name="verifyInvalidLogInErrorMessage" time="0.101" classname="com.jbk.test.LoginTest"/>
  <testcase name="verifyBlankLogInErrorMessage" time="0.220" classname="com.jbk.test.LoginTest"/>
  <testcase name="verifyRegisterLinkText" time="0.071" classname="com.jbk.test.LoginTest"/>
  <testcase name="verifyRegisterLink" time="0.414" classname="com.jbk.test.LoginTest"/>
  <testcase name="loginWithAlldata" time="3.351" classname="com.jbk.test.LoginTest"/>
</testsuite> <!-- com.jbk.test.LoginTest -->
