<?xml version="1.0" encoding="UTF-8"?>
<!-- Generated by org.testng.reporters.JUnitReportReporter -->
<testsuite skipped="0" hostname="LAPTOP-COQHVDGR" name="com.jbk.test.DashboardTest" tests="23" failures="0" timestamp="27 May 2021 06:04:24 GMT" time="19.617" errors="0">
  <testcase name="verifyUrl" time="0.037" classname="com.jbk.test.DashboardTest"/>
  <testcase name="verifyTitle" time="0.013" classname="com.jbk.test.DashboardTest"/>
  <testcase name="verifyCornerHeading" time="0.059" classname="com.jbk.test.DashboardTest"/>
  <testcase name="verifyMainHeading" time="0.073" classname="com.jbk.test.DashboardTest"/>
  <testcase name="verifyUserImage" time="0.089" classname="com.jbk.test.DashboardTest"/>
  <testcase name="verifyUserName" time="0.048" classname="com.jbk.test.DashboardTest"/>
  <testcase name="verifyUserStatus" time="0.067" classname="com.jbk.test.DashboardTest"/>
  <testcase name="verifynavigationMenuText" time="0.131" classname="com.jbk.test.DashboardTest"/>
  <testcase name="verifyUsersMenu" time="0.613" classname="com.jbk.test.DashboardTest"/>
  <testcase name="verifyOperatorsMenu" time="0.565" classname="com.jbk.test.DashboardTest"/>
  <testcase name="verifyUsefulLinksMenu" time="0.510" classname="com.jbk.test.DashboardTest"/>
  <testcase name="verifyDownloadsMenu" time="0.540" classname="com.jbk.test.DashboardTest"/>
  <testcase name="verifyLeftCornerLogOutMenu" time="0.661" classname="com.jbk.test.DashboardTest"/>
  <testcase name="verifyRightCornerLogOutLink" time="0.700" classname="com.jbk.test.DashboardTest"/>
  <testcase name="verifyCoursesHeading" time="0.096" classname="com.jbk.test.DashboardTest"/>
  <testcase name="verifyCoursesSubHeading" time="0.121" classname="com.jbk.test.DashboardTest"/>
  <testcase name="verifyCoursesMoreInfo" time="0.116" classname="com.jbk.test.DashboardTest"/>
  <testcase name="verifyMoreInfoNewWindow" time="4.807" classname="com.jbk.test.DashboardTest"/>
  <testcase name="verifyFooterStatement" time="0.063" classname="com.jbk.test.DashboardTest"/>
  <testcase name="verifyJBK_Link" time="8.911" classname="com.jbk.test.DashboardTest"/>
  <testcase name="verifySequence" time="0.061" classname="com.jbk.test.DashboardTest"/>
  <testcase name="verifyCourseHeading" time="1.129" classname="com.jbk.test.DashboardTest"/>
  <testcase name="verifyCourseSubHeading" time="0.207" classname="com.jbk.test.DashboardTest"/>
</testsuite> <!-- com.jbk.test.DashboardTest -->
