<?xml version="1.0" encoding="UTF-8"?>
<!-- Generated by org.testng.reporters.JUnitReportReporter -->
<testsuite skipped="0" hostname="LAPTOP-COQHVDGR" name="com.jbk.test.LoginTest" tests="14" failures="0" timestamp="18 May 2021 18:53:11 GMT" time="2.253" errors="0">
  <testcase name="verifyUrl" time="0.018" classname="com.jbk.test.LoginTest"/>
  <testcase name="verifyTitle" time="0.007" classname="com.jbk.test.LoginTest"/>
  <testcase name="verifyLogo" time="0.120" classname="com.jbk.test.LoginTest"/>
  <testcase name="verifyMainHeading" time="0.047" classname="com.jbk.test.LoginTest"/>
  <testcase name="verifySubHeading" time="0.067" classname="com.jbk.test.LoginTest"/>
  <testcase name="verifySignInBoxHeading" time="0.031" classname="com.jbk.test.LoginTest"/>
  <testcase name="verifyPlaceholders" time="0.092" classname="com.jbk.test.LoginTest"/>
  <testcase name="verifyValidLogIn" time="0.735" classname="com.jbk.test.LoginTest"/>
  <testcase name="verifyLogoutSuccessfullyMessage" time="0.053" classname="com.jbk.test.LoginTest"/>
  <testcase name="verifyInvalidLogIn" time="0.345" classname="com.jbk.test.LoginTest"/>
  <testcase name="verifyInvalidLogInErrorMessage" time="0.064" classname="com.jbk.test.LoginTest"/>
  <testcase name="verifyBlankLogInErrorMessage" time="0.246" classname="com.jbk.test.LoginTest"/>
  <testcase name="verifyRegisterLinkText" time="0.047" classname="com.jbk.test.LoginTest"/>
  <testcase name="verifyRegisterLink" time="0.381" classname="com.jbk.test.LoginTest"/>
</testsuite> <!-- com.jbk.test.LoginTest -->
