<?xml version="1.0" encoding="UTF-8"?>
<!-- Generated by org.testng.reporters.JUnitReportReporter -->
<testsuite skipped="0" hostname="LAPTOP-COQHVDGR" name="com.jbk.test.DashboardTest" tests="1" failures="0" timestamp="26 May 2021 18:51:57 GMT" time="0.031" errors="0">
  <testcase name="verifyUrl" time="0.031" classname="com.jbk.test.DashboardTest"/>
</testsuite> <!-- com.jbk.test.DashboardTest -->
