<?xml version="1.0" encoding="UTF-8"?>
<!-- Generated by org.testng.reporters.JUnitReportReporter -->
<testsuite skipped="0" hostname="LAPTOP-COQHVDGR" name="com.jbk.test.DashboardTest" tests="1" failures="0" timestamp="21 May 2021 01:58:59 GMT" time="4.947" errors="0">
  <testcase name="verifyMoreInfoNewWindow" time="4.947" classname="com.jbk.test.DashboardTest"/>
</testsuite> <!-- com.jbk.test.DashboardTest -->
