<?xml version="1.0" encoding="UTF-8"?>
<!-- Generated by org.testng.reporters.JUnitReportReporter -->
<testsuite skipped="0" hostname="LAPTOP-COQHVDGR" name="com.jbk.test.UsefulLinksTest" tests="3" failures="0" timestamp="27 May 2021 06:11:36 GMT" time="38.009" errors="0">
  <testcase name="verifyClickGO" time="21.110" classname="com.jbk.test.UsefulLinksTest"/>
  <testcase name="verifyClickGoExcel" time="16.262" classname="com.jbk.test.UsefulLinksTest"/>
  <testcase name="verifyComplete_UsefulLinksTable" time="0.637" classname="com.jbk.test.UsefulLinksTest"/>
</testsuite> <!-- com.jbk.test.UsefulLinksTest -->
