<?xml version="1.0" encoding="UTF-8"?>
<!-- Generated by org.testng.reporters.JUnitReportReporter -->
<testsuite skipped="0" hostname="LAPTOP-COQHVDGR" name="com.jbk.test.DashboardTest" tests="23" failures="0" timestamp="19 May 2021 14:38:11 GMT" time="21.747" errors="0">
  <testcase name="verifyUrl" time="0.024" classname="com.jbk.test.DashboardTest"/>
  <testcase name="verifyTitle" time="0.009" classname="com.jbk.test.DashboardTest"/>
  <testcase name="verifyCornerHeading" time="0.044" classname="com.jbk.test.DashboardTest"/>
  <testcase name="verifyMainHeading" time="0.044" classname="com.jbk.test.DashboardTest"/>
  <testcase name="verifyUserImage" time="0.110" classname="com.jbk.test.DashboardTest"/>
  <testcase name="verifyUserName" time="0.042" classname="com.jbk.test.DashboardTest"/>
  <testcase name="verifyUserStatus" time="0.045" classname="com.jbk.test.DashboardTest"/>
  <testcase name="verifynavigationMenuText" time="0.129" classname="com.jbk.test.DashboardTest"/>
  <testcase name="verifyUsersMenu" time="0.560" classname="com.jbk.test.DashboardTest"/>
  <testcase name="verifyOperatorsMenu" time="0.597" classname="com.jbk.test.DashboardTest"/>
  <testcase name="verifyUsefulLinksMenu" time="0.590" classname="com.jbk.test.DashboardTest"/>
  <testcase name="verifyDownloadsMenu" time="0.683" classname="com.jbk.test.DashboardTest"/>
  <testcase name="verifyLeftCornerLogOutMenu" time="0.823" classname="com.jbk.test.DashboardTest"/>
  <testcase name="verifyRightCornerLogOutLink" time="0.837" classname="com.jbk.test.DashboardTest"/>
  <testcase name="verifyCoursesHeading" time="0.190" classname="com.jbk.test.DashboardTest"/>
  <testcase name="verifyCoursesSubHeading" time="0.149" classname="com.jbk.test.DashboardTest"/>
  <testcase name="verifyCoursesMoreInfo" time="0.120" classname="com.jbk.test.DashboardTest"/>
  <testcase name="verifyMoreInfoNewWindow" time="1.683" classname="com.jbk.test.DashboardTest"/>
  <testcase name="verifyFooterStatement" time="0.081" classname="com.jbk.test.DashboardTest"/>
  <testcase name="verifyJBK_Link" time="13.251" classname="com.jbk.test.DashboardTest"/>
  <testcase name="verifySequence" time="0.050" classname="com.jbk.test.DashboardTest"/>
  <testcase name="verifyCourseHeading" time="1.420" classname="com.jbk.test.DashboardTest"/>
  <testcase name="verifyCourseSubHeading" time="0.266" classname="com.jbk.test.DashboardTest"/>
</testsuite> <!-- com.jbk.test.DashboardTest -->
