<?xml version="1.0" encoding="UTF-8"?>
<!-- Generated by org.testng.reporters.JUnitReportReporter -->
<testsuite skipped="0" hostname="LAPTOP-COQHVDGR" name="com.jbk.test.OperatorsTest" tests="9" failures="0" timestamp="20 May 2021 01:03:56 GMT" time="3.224" errors="0">
  <testcase name="verifycontactNoLength" time="0.356" classname="com.jbk.test.OperatorsTest"/>
  <testcase name="verifyNamesInAlphabeticalOrder" time="0.082" classname="com.jbk.test.OperatorsTest"/>
  <testcase name="verifyPrefferedWayToConnect_WhatsApp" time="0.275" classname="com.jbk.test.OperatorsTest"/>
  <testcase name="verifyPrefferedWayToConnect_PhoneCall" time="0.183" classname="com.jbk.test.OperatorsTest"/>
  <testcase name="verifyPrefferedWayToConnect_WhatsApp_And_PhoneCall" time="0.234" classname="com.jbk.test.OperatorsTest"/>
  <testcase name="verifyPrefferedWayToConnect_WhatsApp_ButNot_PhoneCall" time="0.223" classname="com.jbk.test.OperatorsTest"/>
  <testcase name="verifyFacultiesAvailableOnMonday" time="0.197" classname="com.jbk.test.OperatorsTest"/>
  <testcase name="verifyFacultiesNotAvailableOnSunday" time="0.201" classname="com.jbk.test.OperatorsTest"/>
  <testcase name="verifyComplete_OperatorsTable" time="1.473" classname="com.jbk.test.OperatorsTest"/>
</testsuite> <!-- com.jbk.test.OperatorsTest -->
