<?xml version="1.0" encoding="UTF-8"?>
<!-- Generated by org.testng.reporters.JUnitReportReporter -->
<testsuite skipped="0" hostname="LAPTOP-COQHVDGR" name="com.jbk.test.LoginTest" tests="1" failures="0" timestamp="26 May 2021 18:26:28 GMT" time="0.034" errors="0">
  <testcase name="verifyUrl" time="0.034" classname="com.jbk.test.LoginTest"/>
</testsuite> <!-- com.jbk.test.LoginTest -->
