<?xml version="1.0" encoding="UTF-8"?>
<!-- Generated by org.testng.reporters.JUnitReportReporter -->
<testsuite skipped="0" hostname="LAPTOP-COQHVDGR" name="com.jbk.test.OperatorsTest" tests="9" failures="0" timestamp="20 May 2021 13:36:57 GMT" time="28.096" errors="0">
  <testcase name="verifycontactNoLength" time="2.846" classname="com.jbk.test.OperatorsTest"/>
  <testcase name="verifyNamesInAlphabeticalOrder" time="2.669" classname="com.jbk.test.OperatorsTest"/>
  <testcase name="verifyPrefferedWayToConnect_WhatsApp" time="3.289" classname="com.jbk.test.OperatorsTest"/>
  <testcase name="verifyPrefferedWayToConnect_PhoneCall" time="3.988" classname="com.jbk.test.OperatorsTest"/>
  <testcase name="verifyPrefferedWayToConnect_WhatsApp_And_PhoneCall" time="3.341" classname="com.jbk.test.OperatorsTest"/>
  <testcase name="verifyPrefferedWayToConnect_WhatsApp_ButNot_PhoneCall" time="2.679" classname="com.jbk.test.OperatorsTest"/>
  <testcase name="verifyFacultiesAvailableOnMonday" time="2.672" classname="com.jbk.test.OperatorsTest"/>
  <testcase name="verifyFacultiesNotAvailableOnSunday" time="3.210" classname="com.jbk.test.OperatorsTest"/>
  <testcase name="verifyComplete_OperatorsTable" time="3.402" classname="com.jbk.test.OperatorsTest"/>
</testsuite> <!-- com.jbk.test.OperatorsTest -->
