<?xml version="1.0" encoding="UTF-8"?>
<!-- Generated by org.testng.reporters.JUnitReportReporter -->
<testsuite skipped="0" hostname="LAPTOP-COQHVDGR" name="com.jbk.test.AddUserTest" tests="3" failures="0" timestamp="20 May 2021 00:28:52 GMT" time="4.156" errors="0">
  <testcase name="verifyPrintingDragDownOptions" time="0.235" classname="com.jbk.test.AddUserTest"/>
  <testcase name="verifyprintingDragDownOptExcel" time="1.229" classname="com.jbk.test.AddUserTest"/>
  <testcase name="verifyValidAddUser" time="2.692" classname="com.jbk.test.AddUserTest"/>
</testsuite> <!-- com.jbk.test.AddUserTest -->
