<?xml version="1.0" encoding="UTF-8"?>
<!-- Generated by org.testng.reporters.JUnitReportReporter -->
<testsuite skipped="0" hostname="LAPTOP-COQHVDGR" name="com.jbk.test.DownloadsTest" tests="4" failures="0" timestamp="20 May 2021 01:53:42 GMT" time="3.467" errors="0">
  <testcase name="verifyOperatingSystem_32bit" time="0.513" classname="com.jbk.test.DownloadsTest"/>
  <testcase name="verifyCommon" time="0.498" classname="com.jbk.test.DownloadsTest"/>
  <testcase name="verifyNone" time="0.651" classname="com.jbk.test.DownloadsTest"/>
  <testcase name="verifyComplete_DownloadsTable" time="1.805" classname="com.jbk.test.DownloadsTest"/>
</testsuite> <!-- com.jbk.test.DownloadsTest -->
