<?xml version="1.0" encoding="UTF-8"?>
<!-- Generated by org.testng.reporters.JUnitReportReporter -->
<testsuite skipped="0" hostname="LAPTOP-COQHVDGR" name="com.jbk.test.DownloadsTest" tests="4" failures="0" timestamp="27 May 2021 05:58:28 GMT" time="3.526" errors="0">
  <testcase name="verifyOperatingSystem_32bit" time="0.595" classname="com.jbk.test.DownloadsTest"/>
  <testcase name="verifyCommon" time="0.434" classname="com.jbk.test.DownloadsTest"/>
  <testcase name="verifyNone" time="0.529" classname="com.jbk.test.DownloadsTest"/>
  <testcase name="verifyComplete_DownloadsTable" time="1.968" classname="com.jbk.test.DownloadsTest"/>
</testsuite> <!-- com.jbk.test.DownloadsTest -->
