<?xml version="1.0" encoding="UTF-8"?>
<!-- Generated by org.testng.reporters.JUnitReportReporter -->
<testsuite skipped="0" hostname="LAPTOP-COQHVDGR" name="com.jbk.test.RegisterTest" tests="8" failures="0" timestamp="27 May 2021 06:23:27 GMT" time="1.680" errors="0">
  <testcase name="verifyUrl" time="0.054" classname="com.jbk.test.RegisterTest"/>
  <testcase name="verifyTitle" time="0.028" classname="com.jbk.test.RegisterTest"/>
  <testcase name="verifyHeading" time="0.065" classname="com.jbk.test.RegisterTest"/>
  <testcase name="verifyAlreadyMemberText" time="0.084" classname="com.jbk.test.RegisterTest"/>
  <testcase name="verifyAlreadyMemberLink" time="0.505" classname="com.jbk.test.RegisterTest"/>
  <testcase name="verifyPlaceholders" time="0.191" classname="com.jbk.test.RegisterTest"/>
  <testcase name="verifyBlankSignIn" time="0.229" classname="com.jbk.test.RegisterTest"/>
  <testcase name="verifyValidSignIn" time="0.524" classname="com.jbk.test.RegisterTest"/>
</testsuite> <!-- com.jbk.test.RegisterTest -->
