<?xml version="1.0" encoding="UTF-8"?>
<!-- Generated by org.testng.reporters.JUnitReportReporter -->
<testsuite skipped="0" hostname="LAPTOP-COQHVDGR" name="com.jbk.test.OperatorsTest" tests="1" failures="0" timestamp="14 May 2021 13:40:29 GMT" time="0.361" errors="0">
  <testcase name="verifycontactNoLength" time="0.361" classname="com.jbk.test.OperatorsTest"/>
</testsuite> <!-- com.jbk.test.OperatorsTest -->
