<?xml version="1.0" encoding="UTF-8"?>
<!-- Generated by org.testng.reporters.JUnitReportReporter -->
<testsuite skipped="0" hostname="LAPTOP-COQHVDGR" name="com.jbk.test.RegisterTest" tests="8" failures="0" timestamp="18 May 2021 19:02:19 GMT" time="1.421" errors="0">
  <testcase name="verifyUrl" time="0.023" classname="com.jbk.test.RegisterTest"/>
  <testcase name="verifyTitle" time="0.018" classname="com.jbk.test.RegisterTest"/>
  <testcase name="verifyHeading" time="0.073" classname="com.jbk.test.RegisterTest"/>
  <testcase name="verifyAlreadyMemberText" time="0.055" classname="com.jbk.test.RegisterTest"/>
  <testcase name="verifyAlreadyMemberLink" time="0.433" classname="com.jbk.test.RegisterTest"/>
  <testcase name="verifyPlaceholders" time="0.158" classname="com.jbk.test.RegisterTest"/>
  <testcase name="verifyBlankSignIn" time="0.205" classname="com.jbk.test.RegisterTest"/>
  <testcase name="verifyValidSignIn" time="0.456" classname="com.jbk.test.RegisterTest"/>
</testsuite> <!-- com.jbk.test.RegisterTest -->
