<?xml version="1.0" encoding="UTF-8"?>
<!-- Generated by org.testng.reporters.JUnitReportReporter -->
<testsuite skipped="0" hostname="LAPTOP-COQHVDGR" name="com.jbk.test.UsefulLinksTest" tests="2" failures="0" timestamp="21 May 2021 06:32:51 GMT" time="36.138" errors="0">
  <testcase name="verifyClickGO" time="19.880" classname="com.jbk.test.UsefulLinksTest"/>
  <testcase name="verifyClickGoExcel" time="16.258" classname="com.jbk.test.UsefulLinksTest"/>
</testsuite> <!-- com.jbk.test.UsefulLinksTest -->
