<?xml version="1.0" encoding="UTF-8"?>
<!-- Generated by org.testng.reporters.JUnitReportReporter -->
<testsuite skipped="0" hostname="LAPTOP-COQHVDGR" name="com.jbk.test.OperatorsTest" tests="9" failures="0" timestamp="27 May 2021 06:05:47 GMT" time="3.758" errors="0">
  <testcase name="verifycontactNoLength" time="0.367" classname="com.jbk.test.OperatorsTest"/>
  <testcase name="verifyNamesInAlphabeticalOrder" time="0.099" classname="com.jbk.test.OperatorsTest"/>
  <testcase name="verifyPrefferedWayToConnect_WhatsApp" time="0.268" classname="com.jbk.test.OperatorsTest"/>
  <testcase name="verifyPrefferedWayToConnect_PhoneCall" time="0.304" classname="com.jbk.test.OperatorsTest"/>
  <testcase name="verifyPrefferedWayToConnect_WhatsApp_And_PhoneCall" time="0.361" classname="com.jbk.test.OperatorsTest"/>
  <testcase name="verifyPrefferedWayToConnect_WhatsApp_ButNot_PhoneCall" time="0.320" classname="com.jbk.test.OperatorsTest"/>
  <testcase name="verifyFacultiesAvailableOnMonday" time="0.291" classname="com.jbk.test.OperatorsTest"/>
  <testcase name="verifyFacultiesNotAvailableOnSunday" time="0.271" classname="com.jbk.test.OperatorsTest"/>
  <testcase name="verifyComplete_OperatorsTable" time="1.477" classname="com.jbk.test.OperatorsTest"/>
</testsuite> <!-- com.jbk.test.OperatorsTest -->
